[debug] [2017-10-21T23:36:37.212Z] ----------------------------------------------------------------------
[debug] [2017-10-21T23:36:37.213Z] Command:       /usr/local/Cellar/node/8.7.0/bin/node /usr/local/bin/firebase serve
[debug] [2017-10-21T23:36:37.214Z] CLI Version:   3.13.1
[debug] [2017-10-21T23:36:37.214Z] Platform:      darwin
[debug] [2017-10-21T23:36:37.214Z] Node Version:  v8.7.0
[debug] [2017-10-21T23:36:37.214Z] Time:          Sat Oct 21 2017 16:36:37 GMT-0700 (PDT)
[debug] [2017-10-21T23:36:37.214Z] ----------------------------------------------------------------------
[debug] 
[debug] [2017-10-21T23:36:37.224Z] > command requires scopes: ["email","openid","https://www.googleapis.com/auth/cloudplatformprojects.readonly","https://www.googleapis.com/auth/firebase","https://www.googleapis.com/auth/cloud-platform"]
[debug] [2017-10-21T23:36:37.224Z] > authorizing via signed-in user
[debug] [2017-10-21T23:36:37.225Z] > refreshing access token with scopes: ["email","https://www.googleapis.com/auth/cloud-platform","https://www.googleapis.com/auth/cloudplatformprojects.readonly","https://www.googleapis.com/auth/firebase","openid"]
[debug] [2017-10-21T23:36:37.225Z] >>> HTTP REQUEST POST https://www.googleapis.com/oauth2/v3/token { refresh_token: '1/lMn7Yo0f4DEE3o88Jh0uHuG65XGwuhc41s54y8_THTw',
  client_id: '563584335869-fgrhgmd47bqnekij5i8b5pr03ho849e6.apps.googleusercontent.com',
  client_secret: 'j9iVZfS8kkCEFUPaAeJV0sAi',
  grant_type: 'refresh_token',
  scope: 'email https://www.googleapis.com/auth/cloud-platform https://www.googleapis.com/auth/cloudplatformprojects.readonly https://www.googleapis.com/auth/firebase openid' } 
 Sat Oct 21 2017 16:36:37 GMT-0700 (PDT)
[debug] [2017-10-21T23:36:37.511Z] <<< HTTP RESPONSE 200
[debug] [2017-10-21T23:36:37.529Z] >>> HTTP REQUEST GET https://admin.firebase.com/v1/projects/mcs-registration  
 Sat Oct 21 2017 16:36:37 GMT-0700 (PDT)
[debug] [2017-10-21T23:36:38.044Z] <<< HTTP RESPONSE 200
[debug] [2017-10-21T23:36:38.044Z] >>> HTTP REQUEST GET https://admin.firebase.com/v1/database/mcs-registration/tokens  
 Sat Oct 21 2017 16:36:38 GMT-0700 (PDT)
[debug] [2017-10-21T23:36:38.485Z] <<< HTTP RESPONSE 200
[info] 
[info] === Serving from '/Users/luna/code/mcs_registration/server'...
[info] 
[debug] [2017-10-21T23:36:38.488Z] >>> HTTP REQUEST GET https://cloudresourcemanager.googleapis.com/v1/projects/mcs-registration  
 Sat Oct 21 2017 16:36:38 GMT-0700 (PDT)
[debug] [2017-10-21T23:36:39.359Z] <<< HTTP RESPONSE 200
[debug] [2017-10-21T23:36:39.359Z] >>> HTTP REQUEST GET https://mobilesdk-pa.googleapis.com/v1/projects/319728031692/clients/_:getWebAppConfig  
 Sat Oct 21 2017 16:36:39 GMT-0700 (PDT)
[debug] [2017-10-21T23:36:39.914Z] <<< HTTP RESPONSE 200
[debug] [2017-10-21T23:36:39.935Z] TypeError: Cannot read property 'public' of undefined
    at Server.<anonymous> (/usr/local/lib/node_modules/firebase-tools/lib/serve/hosting.js:34:18)
    at Object.onceWrapper (events.js:314:30)
    at emitNone (events.js:105:13)
    at Server.emit (events.js:207:7)
    at emitListeningNT (net.js:1371:10)
    at _combinedTickCallback (internal/process/next_tick.js:135:11)
    at process._tickDomainCallback (internal/process/next_tick.js:218:9)
[error] 
[error] Error: An unexpected error has occurred.
